app/build/outputs/mapping/release/configuration.txt
# The proguard configuration file for the following section is intermediates\proguard-files\proguard-android.txt-4.1.3
# This is a configuration file for ProGuard.
# http://proguard.sourceforge.net/index.html#manual/usage.html
#
# Starting with version 2.2 of the Android plugin for Gradle, this file is distributed together with
# the plugin and unpacked at build-time. The files in $ANDROID_HOME are no longer maintained and
# will be ignored by new version of the Android plugin for Gradle.

# Optimization is turned off by default. Dex does not like code run
# through the ProGuard optimize steps (and performs some
# of these optimizations on its own).
# Note that if you want to enable optimization, you cannot just
# include optimization flags in your own project configuration file;
# instead you will need to point to the
# "proguard-android-optimize.txt" file instead of this one from your
# project.properties file.
-dontoptimize

-dontusemixedcaseclassnames
-dontskipnonpubliclibraryclasses
-verbose

# Preserve some attributes that may be required for reflection.
-keepattributes *Annotation*,Signature,InnerClasses,EnclosingMethod

-keep public class com.google.vending.licensing.ILicensingService
-keep public class com.android.vending.licensing.ILicensingService
-keep public class com.google.android.vending.licensing.ILicensingService
-dontnote com.android.vending.licensing.ILicensingService
-dontnote com.google.vending.licensing.ILicensingService
-dontnote com.google.android.vending.licensing.ILicensingService

# For native methods, see http://proguard.sourceforge.net/manual/examples.html#native
-keepclasseswithmembernames,includedescriptorclasses class * {
    native <methods>;
}

# Keep setters in Views so that animations can still work.
-keepclassmembers public class * extends android.view.View {
    void set*(***);
    *** get*();
}

# We want to keep methods in Activity that could be used in the XML attribute onClick.
-keepclassmembers class * extends android.app.Activity {
    public void *(android.view.View);
}

# For enumeration classes, see http://proguard.sourceforge.net/manual/examples.html#enumerations
-keepclassmembers enum * {
    public static **[] values();
    public static ** valueOf(java.lang.String);
}

-keepclassmembers class * implements android.os.Parcelable {
    public static final ** CREATOR;
}

# Preserve annotated Javascript interface methods.
-keepclassmembers class * {
    @android.webkit.JavascriptInterface <methods>;
}

# The support libraries contains references to newer platform versions.
# Don't warn about those in case this app is linking against an older
# platform version. We know about them, and they are safe.
-dontnote android.support.**
-dontnote androidx.**
-dontwarn android.support.**
-dontwarn androidx.**

# This class is deprecated, but remains for backward compatibility.
-dontwarn android.util.FloatMath

# Understand the @Keep support annotation.
-keep class android.support.annotation.Keep
-keep class androidx.annotation.Keep

-keep @android.support.annotation.Keep class * {*;}
-keep @androidx.annotation.Keep class * {*;}

-keepclasseswithmembers class * {
    @android.support.annotation.Keep <methods>;
}

-keepclasseswithmembers class * {
    @androidx.annotation.Keep <methods>;
}

-keepclasseswithmembers class * {
    @android.support.annotation.Keep <fields>;
}

-keepclasseswithmembers class * {
    @androidx.annotation.Keep <fields>;
}

-keepclasseswithmembers class * {
    @android.support.annotation.Keep <init>(...);
}

-keepclasseswithmembers class * {
    @androidx.annotation.Keep <init>(...);
}

# These classes are duplicated between android.jar and org.apache.http.legacy.jar.
-dontnote org.apache.http.**
-dontnote android.net.http.**

# These classes are duplicated between android.jar and core-lambda-stubs.jar.
-dontnote java.lang.invoke.**

# End of content from intermediates\proguard-files\proguard-android.txt-4.1.3
# The proguard configuration file for the following section is aapt_proguard_file\release\aapt_rules.txt
-keep class androidx.core.app.CoreComponentFactory { <init>(); }
-keep class androidx.room.MultiInstanceInvalidationService { <init>(); }
-keep class androidx.work.impl.WorkManagerInitializer { <init>(); }
-keep class androidx.work.impl.background.systemalarm.ConstraintProxy$BatteryChargingProxy { <init>(); }
-keep class androidx.work.impl.background.systemalarm.ConstraintProxy$BatteryNotLowProxy { <init>(); }
-keep class androidx.work.impl.background.systemalarm.ConstraintProxy$NetworkStateProxy { <init>(); }
-keep class androidx.work.impl.background.systemalarm.ConstraintProxy$StorageNotLowProxy { <init>(); }
-keep class androidx.work.impl.background.systemalarm.ConstraintProxyUpdateReceiver { <init>(); }
-keep class androidx.work.impl.background.systemalarm.RescheduleReceiver { <init>(); }
-keep class androidx.work.impl.background.systemalarm.SystemAlarmService { <init>(); }
-keep class androidx.work.impl.background.systemjob.SystemJobService { <init>(); }
-keep class androidx.work.impl.utils.ForceStopRunnable$BroadcastReceiver { <init>(); }
-keep class com.anchorfree.sdk.DBProvider { <init>(); }
-keep class com.anchorfree.sdk.HydraTransportInitProvider { <init>(); }
-keep class com.anchorfree.sdk.SdkNotificationService { <init>(); }
-keep class com.anchorfree.sdk.UnifiedSDKInitProviderMain { <init>(); }
-keep class com.anchorfree.sdk.UnifiedSDKInitProviderVpn { <init>(); }
-keep class com.anchorfree.ucr.UCRContentProvider { <init>(); }
-keep class com.anchorfree.ucr.UCRService { <init>(); }
-keep class com.anchorfree.vpnsdk.transporthydra.proxyservice.HydraProxyService { <init>(); }
-keep class com.anchorfree.vpnsdk.vpnservice.AFVpnService { <init>(); }
-keep class com.anchorfree.vpnsdk.vpnservice.StartVPNServiceShadowActivity { <init>(); }
-keep class com.anchorfree.vpnsdk.vpnservice.config.VpnConfigProvider { <init>(); }
-keep class com.anchorfree.vpnsdk.vpnservice.credentials.CredentialsContentProvider { <init>(); }
-keep class com.facebook.ads.AudienceNetworkActivity { <init>(); }
-keep class com.facebook.ads.AudienceNetworkContentProvider { <init>(); }
-keep class com.google.android.gms.ads.AdActivity { <init>(); }
-keep class com.google.android.gms.ads.AdService { <init>(); }
-keep class com.google.android.gms.ads.MobileAdsInitProvider { <init>(); }
-keep class com.softmaster.airvpn.MainApplication { <init>(); }
-keep class com.softmaster.airvpn.activity.About { <init>(); }
-keep class com.softmaster.airvpn.activity.Faq { <init>(); }
-keep class com.softmaster.airvpn.activity.MainActivity { <init>(); }
-keep class com.softmaster.airvpn.activity.SplashActivity { <init>(); }
-keep class android.widget.Space { <init>(android.content.Context, android.util.AttributeSet); }

-keep class androidx.appcompat.app.AlertController$RecycleListView { <init>(android.content.Context, android.util.AttributeSet); }

-keep class androidx.appcompat.view.menu.ActionMenuItemView { <init>(android.content.Context, android.util.AttributeSet); }

-keep class androidx.appcompat.view.menu.ExpandedMenuView { <init>(android.content.Context, android.util.AttributeSet); }

-keep class androidx.appcompat.view.menu.ListMenuItemView { <init>(android.content.Context, android.util.AttributeSet); }

-keep class androidx.appcompat.widget.ActionBarContainer { <init>(android.content.Context, android.util.AttributeSet); }

-keep class androidx.appcompat.widget.ActionBarContextView { <init>(android.content.Context, android.util.AttributeSet); }

-keep class androidx.appcompat.widget.ActionBarOverlayLayout { <init>(android.content.Context, android.util.AttributeSet); }

-keep class androidx.appcompat.widget.ActionMenuView { <init>(android.content.Context, android.util.AttributeSet); }

-keep class androidx.appcompat.widget.ActivityChooserView$InnerLayout { <init>(android.content.Context, android.util.AttributeSet); }

-keep class androidx.appcompat.widget.AlertDialogLayout { <init>(android.content.Context, android.util.AttributeSet); }

-keep class androidx.appcompat.widget.ButtonBarLayout { <init>(android.content.Context, android.util.AttributeSet); }

-keep class androidx.appcompat.widget.ContentFrameLayout { <init>(android.content.Context, android.util.AttributeSet); }

-keep class androidx.appcompat.widget.DialogTitle { <init>(android.content.Context, android.util.AttributeSet); }

-keep class androidx.appcompat.widget.FitWindowsFrameLayout { <init>(android.content.Context, android.util.AttributeSet); }

-keep class androidx.appcompat.widget.FitWindowsLinearLayout { <init>(android.content.Context, android.util.AttributeSet); }

-keep class androidx.appcompat.widget.SearchView$SearchAutoComplete { <init>(android.content.Context, android.util.AttributeSet); }

-keep class androidx.appcompat.widget.Toolbar { <init>(android.content.Context, android.util.AttributeSet); }

-keep class androidx.appcompat.widget.ViewStubCompat { <init>(android.content.Context, android.util.AttributeSet); }

-keep class androidx.browser.browseractions.BrowserActionsFallbackMenuView { <init>(android.content.Context, android.util.AttributeSet); }

-keep class androidx.constraintlayout.widget.Barrier { <init>(android.content.Context, android.util.AttributeSet); }

-keep class androidx.constraintlayout.widget.ConstraintLayout { <init>(android.content.Context, android.util.AttributeSet); }

-keep class androidx.constraintlayout.widget.Guideline { <init>(android.content.Context, android.util.AttributeSet); }

-keep class androidx.coordinatorlayout.widget.CoordinatorLayout { <init>(android.content.Context, android.util.AttributeSet); }

-keep class androidx.core.widget.NestedScrollView { <init>(android.content.Context, android.util.AttributeSet); }

-keep class androidx.recyclerview.widget.RecyclerView { <init>(android.content.Context, android.util.AttributeSet); }

-keep class androidx.viewpager.widget.ViewPager { <init>(android.content.Context, android.util.AttributeSet); }

-keep class com.google.android.gms.ads.nativead.MediaView { <init>(android.content.Context, android.util.AttributeSet); }

-keep class com.google.android.gms.ads.nativead.NativeAdView { <init>(android.content.Context, android.util.AttributeSet); }

-keep class com.google.android.material.appbar.MaterialToolbar { <init>(android.content.Context, android.util.AttributeSet); }

-keep class com.google.android.material.button.MaterialButton { <init>(android.content.Context, android.util.AttributeSet); }

-keep class com.google.android.material.button.MaterialButtonToggleGroup { <init>(android.content.Context, android.util.AttributeSet); }

-keep class com.google.android.material.chip.Chip { <init>(android.content.Context, android.util.AttributeSet); }

-keep class com.google.android.material.chip.ChipGroup { <init>(android.content.Context, android.util.AttributeSet); }

-keep class com.google.android.material.datepicker.MaterialCalendarGridView { <init>(android.content.Context, android.util.AttributeSet); }

-keep class com.google.android.material.internal.BaselineLayout { <init>(android.content.Context, android.util.AttributeSet); }

-keep class com.google.android.material.internal.CheckableImageButton { <init>(android.content.Context, android.util.AttributeSet); }

-keep class com.google.android.material.internal.NavigationMenuItemView { <init>(android.content.Context, android.util.AttributeSet); }

-keep class com.google.android.material.internal.NavigationMenuView { <init>(android.content.Context, android.util.AttributeSet); }

-keep class com.google.android.material.navigation.NavigationView { <init>(android.content.Context, android.util.AttributeSet); }

-keep class com.google.android.material.snackbar.Snackbar$SnackbarLayout { <init>(android.content.Context, android.util.AttributeSet); }

-keep class com.google.android.material.snackbar.SnackbarContentLayout { <init>(android.content.Context, android.util.AttributeSet); }

-keep class com.google.android.material.tabs.TabLayout { <init>(android.content.Context, android.util.AttributeSet); }

-keep class com.google.android.material.textfield.TextInputEditText { <init>(android.content.Context, android.util.AttributeSet); }

-keep class com.google.android.material.textfield.TextInputLayout { <init>(android.content.Context, android.util.AttributeSet); }

-keep class com.google.android.material.textview.MaterialTextView { <init>(android.content.Context, android.util.AttributeSet); }

-keep class com.google.android.material.timepicker.ChipTextInputComboView { <init>(android.content.Context, android.util.AttributeSet); }

-keep class com.google.android.material.timepicker.ClockFaceView { <init>(android.content.Context, android.util.AttributeSet); }

-keep class com.google.android.material.timepicker.ClockHandView { <init>(android.content.Context, android.util.AttributeSet); }

-keep class com.google.android.material.timepicker.TimePickerView { <init>(android.content.Context, android.util.AttributeSet); }

-keep class com.infideap.drawerbehavior.AdvanceDrawerLayout { <init>(android.content.Context, android.util.AttributeSet); }

-keep class net.igenius.customcheckbox.CustomCheckBox { <init>(android.content.Context, android.util.AttributeSet); }

-keep class pl.bclogic.pulsator4droid.library.PulsatorLayout { <init>(android.content.Context, android.util.AttributeSet); }


# End of content from aapt_proguard_file\release\aapt_rules.txt
# The proguard configuration file for the following section is 548610ed4dd99d0302907446aed8a2f9\jetified-openvpn-3.4.0\proguard.txt
-keep class com.northghost.caketube.CaketubeCredentialsSource { *; }

# End of content from 548610ed4dd99d0302907446aed8a2f9\jetified-openvpn-3.4.0\proguard.txt
# The proguard configuration file for the following section is e62d735df79269e5891f297ebccb82e2\material-1.5.0-alpha01\proguard.txt
# Copyright (C) 2015 The Android Open Source Project
#
# Licensed under the Apache License, Version 2.0 (the "License");
# you may not use this file except in compliance with the License.
# You may obtain a copy of the License at
#
#      http://www.apache.org/licenses/LICENSE-2.0
#
# Unless required by applicable law or agreed to in writing, software
# distributed under the License is distributed on an "AS IS" BASIS,
# WITHOUT WARRANTIES OR CONDITIONS OF ANY KIND, either express or implied.
# See the License for the specific language governing permissions and
# limitations under the License.

# CoordinatorLayout resolves the behaviors of its child components with reflection.
-keep public class * extends androidx.coordinatorlayout.widget.CoordinatorLayout$Behavior {
    public <init>(android.content.Context, android.util.AttributeSet);
    public <init>();
}

# Make sure we keep annotations for CoordinatorLayout's DefaultBehavior
-keepattributes RuntimeVisible*Annotation*

# Copyright (C) 2018 The Android Open Source Project
#
# Licensed under the Apache License, Version 2.0 (the "License");
# you may not use this file except in compliance with the License.
# You may obtain a copy of the License at
#
#      http://www.apache.org/licenses/LICENSE-2.0
#
# Unless required by applicable law or agreed to in writing, software
# distributed under the License is distributed on an "AS IS" BASIS,
# WITHOUT WARRANTIES OR CONDITIONS OF ANY KIND, either express or implied.
# See the License for the specific language governing permissions and
# limitations under the License.

# AppCompatViewInflater reads the viewInflaterClass theme attribute which then
# reflectively instantiates MaterialComponentsViewInflater using the no-argument
# constructor. We only need to keep this constructor and the class name if
# AppCompatViewInflater is also being kept.
-if class androidx.appcompat.app.AppCompatViewInflater
-keep class com.google.android.material.theme.MaterialComponentsViewInflater {
    <init>();
}


# End of content from e62d735df79269e5891f297ebccb82e2\material-1.5.0-alpha01\proguard.txt
# The proguard configuration file for the following section is 33860d5ba67fb42ac24f0e0590e5961e\jetified-hydra-3.4.0\proguard.txt
#HYDRASDK
-dontwarn okio.**
-keep class com.anchorfree.hdr.HydraHeaderListener { *; }
-keep class com.anchorfree.hdr.HydraConnInfo { *; }
-keep class com.anchorfree.hdr.AFHydra { *; }
-keepclassmembers class com.anchorfree.vpnsdk.transporthydra.HydraTransport {
     public *** protect(...);
}

-keepattributes InnerClasses
-dontwarn sun.misc.**
-dontwarn java.lang.invoke.**
-dontwarn okhttp3.**
-dontwarn okio.**
-dontwarn javax.annotation.**
-dontwarn org.conscrypt.**
-keepnames class okhttp3.internal.publicsuffix.PublicSuffixDatabase
-keep class com.anchorfree.vpnsdk.transporthydra.HydraTransportFactory { *; }
-keep class com.anchorfree.sdk.HydraCredentialsSource { *; }

# End of content from 33860d5ba67fb42ac24f0e0590e5961e\jetified-hydra-3.4.0\proguard.txt
# The proguard configuration file for the following section is 67b7af454a57e971d9ea281b0c4ab33c\jetified-sdk-core-3.4.0\proguard.txt
#HYDRASDK
-printconfiguration "build/outputs/mapping/configuration.txt"
-dontwarn okio.**
-keepattributes InnerClasses
-dontwarn sun.misc.**
-dontwarn java.lang.invoke.**
-dontwarn okhttp3.**
-dontwarn com.anchorfree.sdk.**
-dontwarn okio.**
-dontwarn javax.annotation.**
-dontwarn org.conscrypt.**
-keepnames class okhttp3.internal.publicsuffix.PublicSuffixDatabase
#DNSJava
-keep class org.xbill.DNS.** {*;}
-dontnote org.xbill.DNS.spi.DNSJavaNameServiceDescriptor
-dontwarn org.xbill.DNS.spi.DNSJavaNameServiceDescriptor
-keep class * implements com.google.gson.TypeAdapterFactory
-keep class * implements com.google.gson.JsonSerializer
-keep class * implements com.google.gson.JsonDeserializer
-keep class com.anchorfree.sdk.SessionConfig { *; }
-keep class com.anchorfree.sdk.fireshield.** { *; }
-keep class com.anchorfree.sdk.dns.** { *; }
-keep class com.anchorfree.sdk.UnifiedSDKConfig { *; }
-keep class com.anchorfree.partner.api.ClientInfo { *; }
-keep class com.anchorfree.sdk.NotificationConfig { *; }
-keep class com.anchorfree.sdk.NotificationConfig$Builder { *; }
-keep class com.anchorfree.sdk.NotificationConfig$StateNotification { *; }
-keepclassmembers public class com.anchorfree.ucr.transport.DefaultTrackerTransport {
   public <init>(...);
 }
 -keepclassmembers class com.anchorfree.ucr.SharedPrefsStorageProvider{
    public <init>(...);
 }
 -keepclassmembers class com.anchorfree.sdk.InternalReporting$InternalTrackingTransport{
    public <init>(...);
 }
 -keep class com.anchorfree.sdk.exceptions.* {
    *;
 }
  
-keepclassmembers class * implements javax.net.ssl.SSLSocketFactory {
    final javax.net.ssl.SSLSocketFactory delegate;
}

# https://stackoverflow.com/questions/56142150/fatal-exception-java-lang-nullpointerexception-in-release-build
-keepclassmembers,allowobfuscation class * {
  @com.google.gson.annotations.SerializedName <fields>;
}
# End of content from 67b7af454a57e971d9ea281b0c4ab33c\jetified-sdk-core-3.4.0\proguard.txt
# The proguard configuration file for the following section is 260044945a0498ea06345cb1059156ee\jetified-hydratransport-0.18.2\proguard.txt
-keepclassmembers class com.anchorfree.vpnsdk.transporthydra.HydraTransport {
    *** protect(...);
}

-keep class com.anchorfree.hdr.** {*;}
# End of content from 260044945a0498ea06345cb1059156ee\jetified-hydratransport-0.18.2\proguard.txt
# The proguard configuration file for the following section is 61789695afd5b3f5ea13bae9f4ca9f38\jetified-sdk-cnl-3.4.0\proguard.txt
-keep class com.anchorfree.sdk.CnlConfigPatcher { *; }
# End of content from 61789695afd5b3f5ea13bae9f4ca9f38\jetified-sdk-cnl-3.4.0\proguard.txt
# The proguard configuration file for the following section is 76c071e816b4a0e4f69d5104185d7c62\jetified-corevpn-0.18.2\proguard.txt
# This dnsjava class uses old Sun API
-dontnote org.xbill.DNS.spi.DNSJavaNameServiceDescriptor
-dontwarn org.xbill.DNS.spi.DNSJavaNameServiceDescriptor

-keepclassmembers class org.xbill.DNS.Lookup {
    java.util.Map defaultCaches;