app/build/outputs/mapping/release/seeds.txt
androidx.vectordrawable.graphics.drawable.VectorDrawableCompat$VPathRenderer
org.xbill.DNS.CERTRecord: byte[] cert
com.google.android.gms.ads.mediation.customevent.CustomEventNative: void onPause()
com.anchorfree.sdk.SessionConfig: java.lang.String getTransport()
com.google.android.gms.internal.ads.zzfym: int zzd
com.facebook.ads.Ad$LoadAdConfig
com.google.android.gms.internal.ads.zzdc: int zzaC
org.xbill.DNS.Zone: Zone(org.xbill.DNS.Name,java.lang.String)
com.anchorfree.hdr.HydraConnInfo: java.lang.String getIp()
org.xbill.DNS.Tokenizer$Token: Tokenizer$Token()
org.xbill.DNS.ZoneTransferIn: void openConnection()
com.infideap.drawerbehavior.AdvanceDrawerLayout: void setContrastThreshold(float)
org.xbill.DNS.MINFORecord: void rrToWire(org.xbill.DNS.DNSOutput,org.xbill.DNS.Compression,boolean)
com.anchorfree.sdk.fireshield.FireshieldConfig: java.util.List access$000(com.anchorfree.sdk.fireshield.FireshieldConfig)
org.xbill.DNS.Record: org.xbill.DNS.Record newRecord(org.xbill.DNS.Name,int,int)
org.xbill.DNS.Cache: org.xbill.DNS.RRset[] findAnyRecords(org.xbill.DNS.Name,int)
org.xbill.DNS.utils.base16: byte[] fromString(java.lang.String)
org.xbill.DNS.Tokenizer$Token: boolean isEOL()
pl.bclogic.pulsator4droid.library.PulsatorLayout: int getCount()
com.google.android.gms.internal.ads.zzawq: java.lang.String zze
com.google.android.gms.internal.ads.zzfye: com.google.android.gms.internal.ads.zzfye[] values()
org.xbill.DNS.Rcode: int BADTIME
com.google.android.material.appbar.AppBarLayout: int getDownNestedPreScrollRange()
android.support.v4.media.MediaMetadataCompat: android.os.Parcelable$Creator CREATOR
androidx.appcompat.widget.AppCompatMultiAutoCompleteTextView: void setDropDownBackgroundResource(int)
com.facebook.ads.NativeAdsManager: void disableAutoRefresh()
com.google.android.gms.internal.ads.zzce
com.facebook.ads.internal.api.AdComponentFrameLayout: void onVisibilityChanged(android.view.View,int)
org.xbill.DNS.Message: org.xbill.DNS.Message newUpdate(org.xbill.DNS.Name)
butterknife.OnPageChange$Callback: butterknife.OnPageChange$Callback[] values()
org.xbill.DNS.TSIG$StreamVerifier: org.xbill.DNS.TSIGRecord lastTSIG
org.xbill.DNS.SingleCompressedNameBase: long serialVersionUID
org.xbill.DNS.DSRecord: byte[] digest
com.facebook.ads.VideoAutoplayBehavior: com.facebook.ads.VideoAutoplayBehavior DEFAULT
androidx.appcompat.widget.LinearLayoutCompat: int getBaselineAlignedChildIndex()
com.facebook.ads.internal.dynamicloading.DynamicLoaderFactory: int DEX_LOAD_RETRY_DELAY_MS
com.facebook.ads.AudienceNetworkContentProvider
org.xbill.DNS.Update: void newUpdate(org.xbill.DNS.Record)
org.xbill.DNS.U16NameBase: void rdataFromString(org.xbill.DNS.Tokenizer,org.xbill.DNS.Name)
org.xbill.DNS.KEYRecord: int PROTOCOL_TLS
org.xbill.DNS.TSIG: TSIG(javax.crypto.Mac,org.xbill.DNS.Name)
androidx.appcompat.widget.LinearLayoutCompat: int getBaseline()
androidx.work.BackoffPolicy: androidx.work.BackoffPolicy valueOf(java.lang.String)
com.google.android.gms.internal.ads.zzdb: long zzf
org.xbill.DNS.Type: int MF
com.google.android.material.textfield.TextInputLayout: void setTypeface(android.graphics.Typeface)
com.facebook.ads.AdSDKNotificationListener$SDKEventKey
androidx.appcompat.widget.Toolbar: void setCollapsible(boolean)
org.xbill.DNS.DSRecord: long serialVersionUID
com.google.gson.internal.bind.TreeTypeAdapter$SingleTypeFactory
com.anchorfree.sdk.rules.TrafficRule$ProtoRule: int portLow
com.google.android.material.floatingactionbutton.FloatingActionButton: void setBackgroundResource(int)
com.google.android.material.bottomappbar.BottomAppBar: int getLeftInset()
org.xbill.DNS.Cache: void addRRset(org.xbill.DNS.RRset,int)
org.xbill.DNS.Zone: void addRRset(org.xbill.DNS.Name,org.xbill.DNS.RRset)
androidx.appcompat.widget.Toolbar: void setCollapseContentDescription(java.lang.CharSequence)
org.xbill.DNS.ResolverConfig: int ndots
org.xbill.DNS.Tokenizer$TokenizerException: java.lang.String getBaseMessage()