app/build/outputs/mapping/release/mapping.txt
# compiler: R8
# compiler_version: 2.1.86
# min_api: 19
# pg_map_id: 8c7d2fe
# common_typos_disable
...
com.google.android.gms.internal.ads.zzqo -> com.google.android.gms.internal.ads.qs3:
    int zza(com.google.android.gms.internal.ads.zzqq,com.google.android.gms.internal.ads.zzaec,int,boolean) -> a
    void zzb(com.google.android.gms.internal.ads.zzqq,com.google.android.gms.internal.ads.zzahd,int) -> b
com.google.android.gms.internal.ads.zzqp -> com.google.android.gms.internal.ads.rs3:
    byte[] zzb -> b
    int zzd -> d
    int zzc -> c
    int zza -> a
com.google.android.gms.internal.ads.zzqq -> com.google.android.gms.internal.ads.ss3:
    void zza(com.google.android.gms.internal.ads.zzjq) -> a
    void zzf(com.google.android.gms.internal.ads.zzahd,int) -> b
    int zze(com.google.android.gms.internal.ads.zzaec,int,boolean) -> c
    int zzb(com.google.android.gms.internal.ads.zzaec,int,boolean,int) -> d
    void zzc(com.google.android.gms.internal.ads.zzahd,int,int) -> e
    void zzd(long,int,int,int,com.google.android.gms.internal.ads.zzqp) -> f
com.google.android.gms.internal.ads.zzqr -> com.google.android.gms.internal.ads.ts3:
    byte[] zza -> a
    int zzd -> d
    int zzb -> b
    int zzc -> c
    boolean zza() -> a
    int zzb(int) -> b
    void zzc(int) -> c
    int zzd() -> d
com.google.android.gms.internal.ads.zzqs -> com.google.android.gms.internal.ads.us3:
    java.lang.String[] zzb -> a
com.google.android.gms.internal.ads.zzqt -> com.google.android.gms.internal.ads.vs3:
    boolean zza -> a
com.google.android.gms.internal.ads.zzqu -> com.google.android.gms.internal.ads.ws3:
    int zzf -> f
    byte[] zzg -> g
    int zzd -> d
    int zze -> e
    int zzb -> b
    int zzc -> c
    int zza -> a
com.google.android.gms.internal.ads.zzqv -> com.google.android.gms.internal.ads.xs3:
    int zza(int) -> a
    com.google.android.gms.internal.ads.zzqs zzb(com.google.android.gms.internal.ads.zzahd,boolean,boolean) -> b
    boolean zzc(int,com.google.android.gms.internal.ads.zzahd,boolean) -> c
com.google.android.gms.internal.ads.zzqw -> com.google.android.gms.internal.ads.ys3:
    com.google.android.gms.internal.ads.zzpx zza -> a
    com.google.android.gms.internal.ads.zzpr[] zza(android.net.Uri,java.util.Map) -> a
com.google.android.gms.internal.ads.zzqx -> com.google.android.gms.internal.ads.zs3:
    byte[] zzd -> p
    byte[] zze -> q
    com.google.android.gms.internal.ads.zzpx zza -> m
    com.google.android.gms.internal.ads.zzpu zzo -> i
    int zzn -> h
    boolean zzr -> l
    int zzm -> g
    int zzj -> d
    long zzi -> c
    int zzk -> e
    byte[] zzg -> a
    int[] zzb -> n
    int[] zzc -> o
    boolean zzl -> f
    com.google.android.gms.internal.ads.zzqq zzp -> j
    int zzf -> r
    boolean zzh -> b
    com.google.android.gms.internal.ads.zzqm zzq -> k
    boolean zza(com.google.android.gms.internal.ads.zzps) -> a
    void zze(com.google.android.gms.internal.ads.zzpu) -> b
    boolean zzb(com.google.android.gms.internal.ads.zzps,byte[]) -> c
    int zzc(com.google.android.gms.internal.ads.zzps) -> d
    void zzg(long,long) -> e
    boolean zzd(com.google.android.gms.internal.ads.zzps) -> f
    int zzf(com.google.android.gms.internal.ads.zzps,com.google.android.gms.internal.ads.zzqj) -> g
com.google.android.gms.internal.ads.zzqy -> com.google.android.gms.internal.ads.at3:
    com.google.android.gms.internal.ads.zzqe zza -> a
    com.google.android.gms.internal.ads.zzph zzb(com.google.android.gms.internal.ads.zzqe) -> a
    long zza(long) -> b
com.google.android.gms.internal.ads.zzqz -> com.google.android.gms.internal.ads.bt3:
com.google.android.gms.internal.ads.zzr -> com.google.android.gms.internal.ads.ct3:
    android.os.Handler zza -> c