app/build/outputs/mapping/release/usage.txt
com.google.android.gms.ads.mediation.customevent.CustomEventNativeListener:
    public abstract void onAdLoaded(com.google.android.gms.ads.mediation.UnifiedNativeAdMapper)
    public abstract void onAdImpression()
pl.bclogic.pulsator4droid.library.PulsatorLayout:
    public void <init>(android.content.Context)
    public static final int INFINITE
    public static final int INTERP_LINEAR
    public static final int INTERP_ACCELERATE
    public static final int INTERP_DECELERATE
    public static final int INTERP_ACCELERATE_DECELERATE
    private static final int DEFAULT_COUNT
    private static final int DEFAULT_DURATION
    private static final int DEFAULT_REPEAT
    private static final boolean DEFAULT_START_FROM_SCRATCH
    private static final int DEFAULT_INTERPOLATOR
androidx.dynamicanimation.animation.DynamicAnimation$6
com.google.android.gms.internal.measurement.zzgb
com.anchorfree.vpnsdk.network.NetworkInfoExtended:
    public int getNetworkType()
com.google.android.gms.internal.consent_sdk.zzce
android.support.v4.media.session.MediaControllerCompatApi24$TransportControls
androidx.core.os.HandlerCompat
com.infideap.drawerbehavior.R$styleable
androidx.swiperefreshlayout.widget.SwipeRefreshLayout$5
com.google.android.gms.internal.ads.zzfqq:
    static void <clinit>()
    static final synthetic int[] zza
androidx.room.EntityDeletionOrUpdateAdapter
com.google.android.gms.tasks.zzu$zza
androidx.core.view.accessibility.AccessibilityClickableSpanCompat:
    public static final java.lang.String SPAN_ID
com.google.android.gms.internal.measurement.zzhe
androidx.constraintlayout.solver.widgets.analyzer.RunGroup:
    private boolean defineTerminalWidget(androidx.constraintlayout.solver.widgets.analyzer.WidgetRun,int)
    public void defineTerminalWidgets(boolean,boolean)
    public static final int START
    public static final int END
    public static final int BASELINE
com.google.android.gms.internal.ads.zzbec:
    public final float getAspectRatio()
    public final float getDuration()
    public final float getCurrentTime()
    public final com.google.android.gms.ads.VideoController getVideoController()
    public final boolean hasVideoContent()
    public final void setMainImage(android.graphics.drawable.Drawable)
    public final android.graphics.drawable.Drawable getMainImage()
androidx.appcompat.app.ActionBarDrawerToggle:
    public void <init>(android.app.Activity,androidx.drawerlayout.widget.DrawerLayout,int,int)
    public void onConfigurationChanged(android.content.res.Configuration)
    public boolean onOptionsItemSelected(android.view.MenuItem)
    public void setHomeAsUpIndicator(android.graphics.drawable.Drawable)
    public void setHomeAsUpIndicator(int)
    public boolean isDrawerIndicatorEnabled()
    public void setDrawerIndicatorEnabled(boolean)
    public androidx.appcompat.graphics.drawable.DrawerArrowDrawable getDrawerArrowDrawable()
    public void setDrawerArrowDrawable(androidx.appcompat.graphics.drawable.DrawerArrowDrawable)
    public void setDrawerSlideAnimationEnabled(boolean)
    public boolean isDrawerSlideAnimationEnabled()
    public android.view.View$OnClickListener getToolbarNavigationClickListener()
    public void setToolbarNavigationClickListener(android.view.View$OnClickListener)
    private boolean mHasCustomUpIndicator
com.anchorfree.sdk.config.HydraConfigProvider$MODE
com.google.android.gms.internal.measurement.zzga
com.google.android.gms.internal.ads.zzacc
androidx.annotation.experimental.UseExperimental
com.google.android.material.textfield.TextInputLayout$EndIconMode
com.pepperonas.materialdialog.BuildConfig
androidx.lifecycle.SavedStateHandle$SavingStateLiveData